<component name="libraryTable">
  <library name="junit-xml-plugin-2.18.1">
    <CLASSES>
      <root url="jar://$PROJECT_DIR$/node_modules/allure-commandline/dist/plugins/junit-xml-plugin/junit-xml-plugin-2.18.1.jar!/" />
    </CLASSES>
    <JAVADOC />
    <SOURCES />
  </library>
</component>